# JRE version: OpenJDK Runtime Environment (17.0.11) (build 17.0.11+0--11852314)
# Java VM: OpenJDK 64-Bit Server VM (17.0.11+0--11852314, mixed mode, tiered, compressed oops, compressed class ptrs, g1 gc, windows-amd64)
GC Precious Log:
 CPUs: 4 total, 4 available
 Memory: 7973M
 Large Page Support: Disabled
 NUMA Support: Disabled
 Compressed Oops: Enabled (32-bit)
 Heap Region Size: 1M
 Heap Min Capacity: 8M
 Heap Initial Capacity: 126M
 Heap Max Capacity: 1994M
 Pre-touch: Disabled
 Parallel Workers: 4
 Concurrent Workers: 1
 Concurrent Refinement Workers: 4
 Periodic GC: Disabled
Heap:
 garbage-first heap   total 59392K, used 30796K [0x0000000083600000, 0x0000000100000000)
  region size 1024K, 1 young (1024K), 1 survivors (1024K)
 Metaspace       used 46871K, committed 47040K, reserved 1114112K
  class space    used 5683K, committed 5760K, reserved 1048576K
GC Heap History (20 events):
Event: 3.499 GC heap after
{Heap after GC invocations=5 (full 0):
 garbage-first heap   total 40960K, used 11583K [0x0000000083600000, 0x0000000100000000)
  region size 1024K, 6 young (6144K), 6 survivors (6144K)
 Metaspace       used 28645K, committed 28864K, reserved 1114112K
  class space    used 3566K, committed 3648K, reserved 1048576K
}
Event: 3.926 GC heap before
{Heap before GC invocations=5 (full 0):
 garbage-first heap   total 40960K, used 31039K [0x0000000083600000, 0x0000000100000000)
  region size 1024K, 24 young (24576K), 6 survivors (6144K)
 Metaspace       used 29446K, committed 29696K, reserved 1114112K
  class space    used 3621K, committed 3712K, reserved 1048576K
}
Event: 3.942 GC heap after
{Heap after GC invocations=6 (full 0):
 garbage-first heap   total 43008K, used 17667K [0x0000000083600000, 0x0000000100000000)
  region size 1024K, 3 young (3072K), 3 survivors (3072K)
 Metaspace       used 29446K, committed 29696K, reserved 1114112K
  class space    used 3621K, committed 3712K, reserved 1048576K
}
Event: 4.089 GC heap before
{Heap before GC invocations=6 (full 0):
 garbage-first heap   total 43008K, used 32003K [0x0000000083600000, 0x0000000100000000)
  region size 1024K, 15 young (15360K), 3 survivors (3072K)
 Metaspace       used 29594K, committed 29824K, reserved 1114112K
  class space    used 3621K, committed 3712K, reserved 1048576K
}
Event: 4.100 GC heap after
{Heap after GC invocations=7 (full 0):
 garbage-first heap   total 43008K, used 21377K [0x0000000083600000, 0x0000000100000000)
  region size 1024K, 2 young (2048K), 2 survivors (2048K)
 Metaspace       used 29594K, committed 29824K, reserved 1114112K
  class space    used 3621K, committed 3712K, reserved 1048576K
}
Event: 4.911 GC heap before
{Heap before GC invocations=7 (full 0):
 garbage-first heap   total 43008K, used 30593K [0x0000000083600000, 0x0000000100000000)
  region size 1024K, 11 young (11264K), 2 survivors (2048K)
 Metaspace       used 31218K, committed 31488K, reserved 1114112K
  class space    used 4007K, committed 4160K, reserved 1048576K
}
Event: 4.919 GC heap after
{Heap after GC invocations=8 (full 0):
 garbage-first heap   total 43008K, used 23451K [0x0000000083600000, 0x0000000100000000)
  region size 1024K, 2 young (2048K), 2 survivors (2048K)
 Metaspace       used 31218K, committed 31488K, reserved 1114112K
  class space    used 4007K, committed 4160K, reserved 1048576K
}
Event: 5.097 GC heap before
{Heap before GC invocations=9 (full 0):
 garbage-first heap   total 43008K, used 30619K [0x0000000083600000, 0x0000000100000000)
  region size 1024K, 10 young (10240K), 2 survivors (2048K)
 Metaspace       used 33772K, committed 34048K, reserved 1114112K
  class space    used 4300K, committed 4416K, reserved 1048576K
}
Event: 5.101 GC heap after
{Heap after GC invocations=10 (full 0):
 garbage-first heap   total 43008K, used 24047K [0x0000000083600000, 0x0000000100000000)
  region size 1024K, 1 young (1024K), 1 survivors (1024K)
 Metaspace       used 33772K, committed 34048K, reserved 1114112K
  class space    used 4300K, committed 4416K, reserved 1048576K
}
Event: 5.121 GC heap before
{Heap before GC invocations=10 (full 0):
 garbage-first heap   total 43008K, used 25071K [0x0000000083600000, 0x0000000100000000)
  region size 1024K, 2 young (2048K), 1 survivors (1024K)
 Metaspace       used 33854K, committed 34112K, reserved 1114112K
  class space    used 4305K, committed 4416K, reserved 1048576K
}
Event: 5.124 GC heap after
{Heap after GC invocations=11 (full 0):
 garbage-first heap   total 59392K, used 23710K [0x0000000083600000, 0x0000000100000000)
  region size 1024K, 1 young (1024K), 1 survivors (1024K)
 Metaspace       used 33854K, committed 34112K, reserved 1114112K
  class space    used 4305K, committed 4416K, reserved 1048576K
}
Event: 5.574 GC heap before
{Heap before GC invocations=11 (full 0):
 garbage-first heap   total 59392K, used 43166K [0x0000000083600000, 0x0000000100000000)
  region size 1024K, 19 young (19456K), 1 survivors (1024K)
 Metaspace       used 35470K, committed 35712K, reserved 1114112K
  class space    used 4489K, committed 4608K, reserved 1048576K
}
Event: 5.581 GC heap after
{Heap after GC invocations=12 (full 0):
 garbage-first heap   total 59392K, used 24660K [0x0000000083600000, 0x0000000100000000)
  region size 1024K, 3 young (3072K), 3 survivors (3072K)
 Metaspace       used 35470K, committed 35712K, reserved 1114112K
  class space    used 4489K, committed 4608K, reserved 1048576K
}
Event: 6.161 GC heap before
{Heap before GC invocations=12 (full 0):
 garbage-first heap   total 59392K, used 41044K [0x0000000083600000, 0x0000000100000000)
  region size 1024K, 20 young (20480K), 3 survivors (3072K)
 Metaspace       used 38985K, committed 39232K, reserved 1114112K
  class space    used 4820K, committed 4928K, reserved 1048576K
}
Event: 6.168 GC heap after
{Heap after GC invocations=13 (full 0):
 garbage-first heap   total 59392K, used 26637K [0x0000000083600000, 0x0000000100000000)
  region size 1024K, 2 young (2048K), 2 survivors (2048K)
 Metaspace       used 38985K, committed 39232K, reserved 1114112K
  class space    used 4820K, committed 4928K, reserved 1048576K
}
Event: 6.920 GC heap before
{Heap before GC invocations=13 (full 0):
 garbage-first heap   total 59392K, used 44045K [0x0000000083600000, 0x0000000100000000)
  region size 1024K, 19 young (19456K), 2 survivors (2048K)
 Metaspace       used 42942K, committed 43200K, reserved 1114112K
  class space    used 5225K, committed 5312K, reserved 1048576K
}
Event: 6.926 GC heap after
{Heap after GC invocations=14 (full 0):
 garbage-first heap   total 59392K, used 27997K [0x0000000083600000, 0x0000000100000000)
  region size 1024K, 2 young (2048K), 2 survivors (2048K)
 Metaspace       used 42942K, committed 43200K, reserved 1114112K
  class space    used 5225K, committed 5312K, reserved 1048576K
}
Event: 7.653 GC heap before
{Heap before GC invocations=14 (full 0):
 garbage-first heap   total 59392K, used 45405K [0x0000000083600000, 0x0000000100000000)
  region size 1024K, 19 young (19456K), 2 survivors (2048K)
 Metaspace       used 46817K, committed 46976K, reserved 1114112K
  class space    used 5681K, committed 5760K, reserved 1048576K
}
Event: 7.662 GC heap after
{Heap after GC invocations=15 (full 0):
 garbage-first heap   total 59392K, used 30225K [0x0000000083600000, 0x0000000100000000)
  region size 1024K, 3 young (3072K), 3 survivors (3072K)
 Metaspace       used 46817K, committed 46976K, reserved 1114112K
  class space    used 5681K, committed 5760K, reserved 1048576K
}
Event: 7.694 GC heap before
{Heap before GC invocations=15 (full 0):
 garbage-first heap   total 59392K, used 30225K [0x0000000083600000, 0x0000000100000000)
  region size 1024K, 4 young (4096K), 3 survivors (3072K)
 Metaspace       used 46871K, committed 47040K, reserved 1114112K
  class space    used 5683K, committed 5760K, reserved 1048576K
}

